Base path: '/Applications/Unity/Hub/Editor/2019.4.11f1/Unity.app/Contents', plugins path '/Applications/Unity/Hub/Editor/2019.4.11f1/Unity.app/Contents/PlaybackEngines'
Cmd: initializeCompiler
Cmd: initializeCompiler
Cmd: initializeCompiler
Cmd: compileComputeKernel
  api=14 insize=16804 outsize=12101 ok=1
Cmd: translateComputeKernel
  api=14 insize=103912 outsize=634277 ok=1
Cmd: translateComputeKernel
  api=14 insize=13169 outsize=16823 ok=1
Cmd: compileComputeKernel
  api=14 insize=9809 outsize=13290 ok=1
Cmd: compileComputeKernel
  api=14 insize=9809 outsize=13382 ok=1
Cmd: translateComputeKernel
  api=14 insize=17996 outsize=24630 ok=1
Cmd: compileComputeKernel
  api=14 insize=569 outsize=813 ok=1
Cmd: translateComputeKernel
  api=14 insize=813 outsize=852 ok=1
Cmd: translateComputeKernel
  api=14 insize=18134 outsize=28458 ok=1
Cmd: compileComputeKernel
  api=14 insize=4823 outsize=12039 ok=1
Cmd: translateComputeKernel
  api=14 insize=12039 outsize=14828 ok=1
Cmd: translateComputeKernel
  api=14 insize=1312 outsize=1229 ok=1
Cmd: translateComputeKernel
  api=14 insize=2632 outsize=6224 ok=1
Cmd: translateComputeKernel
  api=14 insize=12564 outsize=15723 ok=1
Cmd: translateComputeKernel
  api=14 insize=3647 outsize=8477 ok=1
Cmd: compileComputeKernel
  api=14 insize=40264 outsize=53825 ok=1
Cmd: compileComputeKernel
  api=14 insize=40264 outsize=55823 ok=1
Cmd: translateComputeKernel
  api=14 insize=56716 outsize=115800 ok=1
Cmd: translateComputeKernel
  api=14 insize=57466 outsize=118155 ok=1
Cmd: compileComputeKernel
  api=14 insize=3450 outsize=9528 ok=1
Cmd: translateComputeKernel
  api=14 insize=9668 outsize=11528 ok=1
Cmd: compileComputeKernel
  api=14 insize=22295 outsize=17022 ok=1
Cmd: translateComputeKernel
  api=14 insize=16621 outsize=33475 ok=1
Cmd: compileComputeKernel
  api=14 insize=3718 outsize=1874 ok=1
Cmd: translateComputeKernel
  api=14 insize=1941 outsize=2837 ok=1
Cmd: translateComputeKernel
  api=14 insize=9619 outsize=11276 ok=1
Cmd: compileComputeKernel
  api=14 insize=9735 outsize=15844 ok=1
Cmd: translateComputeKernel
  api=14 insize=10282 outsize=15685 ok=1
Cmd: translateComputeKernel
  api=14 insize=16960 outsize=24597 ok=1
Cmd: translateComputeKernel
  api=14 insize=1377 outsize=1040 ok=1
Cmd: compileComputeKernel
  api=14 insize=6119 outsize=10908 ok=1
Cmd: translateComputeKernel
  api=14 insize=11198 outsize=13537 ok=1
Cmd: compileComputeKernel
  api=14 insize=6745 outsize=13381 ok=1
Cmd: translateComputeKernel
  api=14 insize=11362 outsize=14221 ok=1
Cmd: translateComputeKernel
  api=14 insize=11451 outsize=14252 ok=1
Cmd: compileComputeKernel
  api=14 insize=8512 outsize=2428 ok=1
Cmd: compileComputeKernel
  api=14 insize=9103 outsize=5006 ok=1
Cmd: translateComputeKernel
  api=14 insize=3935 outsize=6897 ok=1
Cmd: compileComputeKernel
  api=14 insize=26542 outsize=17903 ok=1
Cmd: translateComputeKernel
  api=14 insize=17944 outsize=33697 ok=1
Cmd: compileComputeKernel
  api=14 insize=16295 outsize=26343 ok=1
Cmd: compileComputeKernel
  api=14 insize=16295 outsize=45889 ok=1
Cmd: compileComputeKernel
  api=14 insize=16295 outsize=57327 ok=1
Cmd: compileComputeKernel
  api=14 insize=16295 outsize=65828 ok=1
Cmd: compileComputeKernel
  api=14 insize=16295 outsize=48294 ok=1
Cmd: compileComputeKernel
  api=14 insize=16295 outsize=53171 ok=1
Cmd: compileComputeKernel
  api=14 insize=16295 outsize=63587 ok=1
Cmd: compileComputeKernel
  api=14 insize=16295 outsize=26354 ok=1
Cmd: compileComputeKernel
  api=14 insize=16295 outsize=47478 ok=1
Cmd: compileComputeKernel
  api=14 insize=16295 outsize=76584 ok=1
Cmd: compileComputeKernel
  api=14 insize=16295 outsize=63636 ok=1
Cmd: compileComputeKernel
  api=14 insize=16295 outsize=68944 ok=1
Cmd: translateComputeKernel
  api=14 insize=26960 outsize=43076 ok=1
Cmd: translateComputeKernel
  api=14 insize=46786 outsize=86120 ok=1
Cmd: translateComputeKernel
  api=14 insize=58110 outsize=118840 ok=1
Cmd: translateComputeKernel
  api=14 insize=66326 outsize=138553 ok=1
Cmd: translateComputeKernel
  api=14 insize=49191 outsize=90821 ok=1
Cmd: translateComputeKernel
  api=14 insize=88461 outsize=189325 ok=1
Cmd: translateComputeKernel
  api=14 insize=67724 outsize=137543 ok=1
Cmd: translateComputeKernel
  api=14 insize=28105 outsize=45484 ok=1
Cmd: translateComputeKernel
  api=14 insize=53601 outsize=104041 ok=1
Cmd: translateComputeKernel
  api=14 insize=61724 outsize=123784 ok=1
Cmd: translateComputeKernel
  api=14 insize=50686 outsize=96831 ok=1
Cmd: translateComputeKernel
  api=14 insize=102296 outsize=229381 ok=1
Cmd: compileComputeKernel
  api=14 insize=3697 outsize=3666 ok=1
Cmd: compileComputeKernel
  api=14 insize=5893 outsize=5793 ok=1
Cmd: compileComputeKernel
  api=14 insize=3922 outsize=4981 ok=1
Cmd: translateComputeKernel
  api=14 insize=4912 outsize=8864 ok=1
Cmd: compileComputeKernel
  api=14 insize=12177 outsize=2075 ok=1
Cmd: translateComputeKernel
  api=14 insize=2002 outsize=2325 ok=1
Cmd: compileComputeKernel
  api=14 insize=7589 outsize=1870 ok=1
Cmd: translateComputeKernel
  api=14 insize=1541 outsize=1733 ok=1
Cmd: translateComputeKernel
  api=14 insize=702 outsize=331 ok=1
Cmd: compileComputeKernel
  api=14 insize=10587 outsize=16462 ok=1

Quitting shader compiler process
