Base path: '/Applications/Unity/Hub/Editor/2019.4.11f1/Unity.app/Contents', plugins path '/Applications/Unity/Hub/Editor/2019.4.11f1/Unity.app/Contents/PlaybackEngines'
Cmd: initializeCompiler
Cmd: initializeCompiler
Cmd: initializeCompiler
Cmd: compileComputeKernel
  api=14 insize=16804 outsize=12944 ok=1
Cmd: compileComputeKernel
  api=14 insize=21596 outsize=103907 ok=1
Cmd: translateComputeKernel
  api=14 insize=36179 outsize=69947 ok=1
Cmd: compileComputeKernel
  api=14 insize=9615 outsize=4412 ok=1
Cmd: translateComputeKernel
  api=14 insize=12871 outsize=15140 ok=1
Cmd: compileComputeKernel
  api=14 insize=9809 outsize=17996 ok=1
Cmd: compileComputeKernel
  api=14 insize=9809 outsize=18177 ok=1
Cmd: translateComputeKernel
  api=14 insize=13529 outsize=16847 ok=1
Cmd: translateComputeKernel
  api=14 insize=13621 outsize=16992 ok=1
Cmd: translateComputeKernel
  api=14 insize=15871 outsize=20763 ok=1
Cmd: compileComputeKernel
  api=14 insize=17994 outsize=18085 ok=1
Cmd: translateComputeKernel
  api=14 insize=17192 outsize=26098 ok=1
Cmd: compileComputeKernel
  api=14 insize=4823 outsize=11307 ok=1
Cmd: translateComputeKernel
  api=14 insize=1667 outsize=1779 ok=1
Cmd: translateComputeKernel
  api=14 insize=1360 outsize=1322 ok=1
Cmd: compileComputeKernel
  api=14 insize=5899 outsize=14375 ok=1
Cmd: translateComputeKernel
  api=14 insize=6374 outsize=12057 ok=1
Cmd: compileComputeKernel
  api=14 insize=2770 outsize=2550 ok=1
Cmd: translateComputeKernel
  api=14 insize=2800 outsize=4614 ok=1
Cmd: translateComputeKernel
  api=14 insize=1094 outsize=1106 ok=1
Cmd: compileComputeKernel
  api=14 insize=40264 outsize=56589 ok=1
Cmd: compileComputeKernel
  api=14 insize=40264 outsize=56589 ok=1
Cmd: translateComputeKernel
  api=14 insize=53459 outsize=110295 ok=1
Cmd: translateComputeKernel
  api=14 insize=55187 outsize=113493 ok=1
Cmd: compileComputeKernel
  api=14 insize=3450 outsize=9668 ok=1
Cmd: translateComputeKernel
  api=14 insize=9668 outsize=11528 ok=1
Cmd: compileComputeKernel
  api=14 insize=22295 outsize=17192 ok=1
Cmd: translateComputeKernel
  api=14 insize=17192 outsize=34546 ok=1
Cmd: translateComputeKernel
  api=14 insize=1707 outsize=2125 ok=1
Cmd: translateComputeKernel
  api=14 insize=16140 outsize=26216 ok=1
Cmd: translateComputeKernel
  api=14 insize=16288 outsize=22964 ok=1
Cmd: compileComputeKernel
  api=14 insize=6119 outsize=11198 ok=1
Cmd: translateComputeKernel
  api=14 insize=11708 outsize=14431 ok=1
Cmd: compileComputeKernel
  api=14 insize=6745 outsize=11530 ok=1
Cmd: compileComputeKernel
  api=14 insize=6745 outsize=1823 ok=1
Cmd: translateComputeKernel
  api=14 insize=13381 outsize=17362 ok=1
Cmd: compileComputeKernel
  api=14 insize=9103 outsize=3827 ok=1
Cmd: translateComputeKernel
  api=14 insize=4975 outsize=8187 ok=1
Cmd: compileComputeKernel
  api=14 insize=26542 outsize=17711 ok=1
Cmd: translateComputeKernel
  api=14 insize=17507 outsize=33157 ok=1
Cmd: compileComputeKernel
  api=14 insize=16295 outsize=119051 ok=1
Cmd: compileComputeKernel
  api=14 insize=16295 outsize=61787 ok=1
Cmd: compileComputeKernel
  api=14 insize=16295 outsize=53311 ok=1
Cmd: compileComputeKernel
  api=14 insize=16295 outsize=121711 ok=1
Cmd: compileComputeKernel
  api=14 insize=16295 outsize=55120 ok=1
Cmd: translateComputeKernel
  api=14 insize=51804 outsize=98398 ok=1
Cmd: translateComputeKernel
  api=14 insize=85756 outsize=184156 ok=1
Cmd: translateComputeKernel
  api=14 insize=54509 outsize=103958 ok=1
Cmd: translateComputeKernel
  api=14 insize=62644 outsize=123590 ok=1
Cmd: translateComputeKernel
  api=14 insize=75372 outsize=155932 ok=1
Cmd: translateComputeKernel
  api=14 insize=54453 outsize=103755 ok=1
Cmd: translateComputeKernel
  api=14 insize=88409 outsize=189360 ok=1
Cmd: translateComputeKernel
  api=14 insize=77322 outsize=162922 ok=1
Cmd: translateComputeKernel
  api=14 insize=52248 outsize=99754 ok=1
Cmd: translateComputeKernel
  api=14 insize=70005 outsize=144111 ok=1
Cmd: compileComputeKernel
  api=14 insize=3697 outsize=3924 ok=1
Cmd: compileComputeKernel
  api=14 insize=5893 outsize=7976 ok=1
Cmd: translateComputeKernel
  api=14 insize=7976 outsize=14433 ok=1
Cmd: compileComputeKernel
  api=14 insize=12177 outsize=1920 ok=1
Cmd: compileComputeKernel
  api=14 insize=1977 outsize=9876 ok=1
Cmd: translateComputeKernel
  api=14 insize=7438 outsize=16680 ok=1
Cmd: compileComputeKernel
  api=14 insize=11069 outsize=19111 ok=1
Cmd: compileComputeKernel
  api=14 insize=7589 outsize=1552 ok=1
Cmd: translateComputeKernel
  api=14 insize=1870 outsize=2334 ok=1
Cmd: compileComputeKernel
  api=14 insize=13959 outsize=3959 ok=1
Cmd: compileComputeKernel
  api=14 insize=10587 outsize=12007 ok=1
Cmd: translateComputeKernel
  api=14 insize=16497 outsize=24343 ok=1

Quitting shader compiler process
