Base path: '/Applications/Unity/Hub/Editor/2019.4.11f1/Unity.app/Contents', plugins path '/Applications/Unity/Hub/Editor/2019.4.11f1/Unity.app/Contents/PlaybackEngines'
Cmd: initializeCompiler
Cmd: initializeCompiler
Cmd: initializeCompiler
Cmd: translateComputeKernel
  api=14 insize=10629 outsize=17495 ok=1
Cmd: translateComputeKernel
  api=14 insize=4549 outsize=7224 ok=1
Cmd: compileComputeKernel
  api=14 insize=9809 outsize=15741 ok=1
Cmd: compileComputeKernel
  api=14 insize=9809 outsize=16966 ok=1
Cmd: translateComputeKernel
  api=14 insize=15778 outsize=20686 ok=1
Cmd: translateComputeKernel
  api=14 insize=14774 outsize=18915 ok=1
Cmd: compileComputeKernel
  api=14 insize=17994 outsize=18085 ok=1
Cmd: compileComputeKernel
  api=14 insize=4823 outsize=11302 ok=1
Cmd: translateComputeKernel
  api=14 insize=11259 outsize=13948 ok=1
Cmd: compileComputeKernel
  api=14 insize=1372 outsize=1424 ok=1
Cmd: translateComputeKernel
  api=14 insize=1490 outsize=1423 ok=1
Cmd: compileComputeKernel
  api=14 insize=2770 outsize=2637 ok=1
Cmd: translateComputeKernel
  api=14 insize=2637 outsize=6790 ok=1
Cmd: compileComputeKernel
  api=14 insize=40264 outsize=52465 ok=1
Cmd: compileComputeKernel
  api=14 insize=40264 outsize=52465 ok=1
Cmd: compileComputeKernel
  api=14 insize=40264 outsize=9842 ok=1
Cmd: translateComputeKernel
  api=14 insize=57466 outsize=118155 ok=1
Cmd: translateComputeKernel
  api=14 insize=56716 outsize=115800 ok=1
Cmd: compileComputeKernel
  api=14 insize=3450 outsize=9528 ok=1
Cmd: translateComputeKernel
  api=14 insize=9528 outsize=11338 ok=1
Cmd: compileComputeKernel
  api=14 insize=22295 outsize=16579 ok=1
Cmd: translateComputeKernel
  api=14 insize=17022 outsize=33982 ok=1
Cmd: compileComputeKernel
  api=14 insize=9735 outsize=10355 ok=1
Cmd: compileComputeKernel
  api=14 insize=7840 outsize=41619 ok=1
Cmd: compileComputeKernel
  api=14 insize=8233 outsize=10441 ok=1
Cmd: translateComputeKernel
  api=14 insize=907 outsize=537 ok=1
Cmd: compileComputeKernel
  api=14 insize=6119 outsize=10807 ok=1
Cmd: translateComputeKernel
  api=14 insize=11299 outsize=13770 ok=1
Cmd: compileComputeKernel
  api=14 insize=6745 outsize=10081 ok=1
Cmd: compileComputeKernel
  api=14 insize=6745 outsize=9970 ok=1
Cmd: compileComputeKernel
  api=14 insize=6745 outsize=1248 ok=1
Cmd: translateComputeKernel
  api=14 insize=10081 outsize=11914 ok=1
Cmd: translateComputeKernel
  api=14 insize=9970 outsize=11533 ok=1
Cmd: translateComputeKernel
  api=14 insize=1978 outsize=2370 ok=1
Cmd: translateComputeKernel
  api=14 insize=7441 outsize=12959 ok=1
Cmd: compileComputeKernel
  api=14 insize=26542 outsize=17507 ok=1
Cmd: translateComputeKernel
  api=14 insize=18125 outsize=34047 ok=1
Cmd: compileComputeKernel
  api=14 insize=16295 outsize=140535 ok=1
Cmd: compileComputeKernel
  api=14 insize=16295 outsize=61787 ok=1
Cmd: compileComputeKernel
  api=14 insize=16295 outsize=60867 ok=1
Cmd: compileComputeKernel
  api=14 insize=16295 outsize=50112 ok=1
Cmd: compileComputeKernel
  api=14 insize=16295 outsize=49935 ok=1
Cmd: compileComputeKernel
  api=14 insize=16295 outsize=51351 ok=1
Cmd: compileComputeKernel
  api=14 insize=16295 outsize=50139 ok=1
Cmd: translateComputeKernel
  api=14 insize=140611 outsize=329388 ok=1
Cmd: translateComputeKernel
  api=14 insize=50832 outsize=95481 ok=1
Cmd: translateComputeKernel
  api=14 insize=56086 outsize=109320 ok=1
Cmd: translateComputeKernel
  api=14 insize=101154 outsize=220969 ok=1
Cmd: translateComputeKernel
  api=14 insize=1799 outsize=2127 ok=1
Cmd: translateComputeKernel
  api=14 insize=11292 outsize=13598 ok=1
Cmd: compileComputeKernel
  api=14 insize=7589 outsize=1541 ok=1
Cmd: translateComputeKernel
  api=14 insize=7010 outsize=13549 ok=1
Cmd: compileComputeKernel
  api=14 insize=10587 outsize=10213 ok=1
Cmd: translateComputeKernel
  api=14 insize=16696 outsize=24714 ok=1

Quitting shader compiler process
