Base path: '/Applications/Unity/Hub/Editor/2019.4.11f1/Unity.app/Contents', plugins path '/Applications/Unity/Hub/Editor/2019.4.11f1/Unity.app/Contents/PlaybackEngines'
Cmd: initializeCompiler
Cmd: initializeCompiler
Cmd: initializeCompiler
Cmd: translateComputeKernel
  api=14 insize=12192 outsize=21055 ok=1
Cmd: compileComputeKernel
  api=14 insize=9615 outsize=4466 ok=1
Cmd: translateComputeKernel
  api=14 insize=4569 outsize=7195 ok=1
Cmd: compileComputeKernel
  api=14 insize=9809 outsize=14526 ok=1
Cmd: compileComputeKernel
  api=14 insize=9809 outsize=15781 ok=1
Cmd: translateComputeKernel
  api=14 insize=14681 outsize=18830 ok=1
Cmd: translateComputeKernel
  api=14 insize=15865 outsize=20848 ok=1
Cmd: compileComputeKernel
  api=14 insize=4823 outsize=11259 ok=1
Cmd: translateComputeKernel
  api=14 insize=11307 outsize=13554 ok=1
Cmd: translateComputeKernel
  api=14 insize=1121 outsize=1528 ok=1
Cmd: compileComputeKernel
  api=14 insize=40264 outsize=54969 ok=1
Cmd: compileComputeKernel
  api=14 insize=40264 outsize=52987 ok=1
Cmd: translateComputeKernel
  api=14 insize=55187 outsize=113493 ok=1
Cmd: translateComputeKernel
  api=14 insize=53459 outsize=110295 ok=1
Cmd: compileComputeKernel
  api=14 insize=3450 outsize=9668 ok=1
Cmd: translateComputeKernel
  api=14 insize=9528 outsize=11338 ok=1
Cmd: compileComputeKernel
  api=14 insize=22295 outsize=17670 ok=1
Cmd: translateComputeKernel
  api=14 insize=15973 outsize=32221 ok=1
Cmd: compileComputeKernel
  api=14 insize=9735 outsize=12134 ok=1
Cmd: compileComputeKernel
  api=14 insize=7840 outsize=16254 ok=1
Cmd: compileComputeKernel
  api=14 insize=8233 outsize=637 ok=1
Cmd: translateComputeKernel
  api=14 insize=14618 outsize=25366 ok=1
Cmd: compileComputeKernel
  api=14 insize=6119 outsize=11809 ok=1
Cmd: translateComputeKernel
  api=14 insize=10807 outsize=13002 ok=1
Cmd: compileComputeKernel
  api=14 insize=6745 outsize=9901 ok=1
Cmd: compileComputeKernel
  api=14 insize=6745 outsize=10561 ok=1
Cmd: compileComputeKernel
  api=14 insize=6745 outsize=1464 ok=1
Cmd: translateComputeKernel
  api=14 insize=1334 outsize=1351 ok=1
Cmd: translateComputeKernel
  api=14 insize=1530 outsize=1762 ok=1
Cmd: translateComputeKernel
  api=14 insize=10170 outsize=12003 ok=1
Cmd: translateComputeKernel
  api=14 insize=1619 outsize=1868 ok=1
Cmd: compileComputeKernel
  api=14 insize=9103 outsize=3827 ok=1
Cmd: compileComputeKernel
  api=14 insize=26542 outsize=17285 ok=1
Cmd: compileComputeKernel
  api=14 insize=26542 outsize=772 ok=1
Cmd: translateComputeKernel
  api=14 insize=17326 outsize=32807 ok=1
Cmd: translateComputeKernel
  api=14 insize=1337 outsize=562 ok=1
Cmd: compileComputeKernel
  api=14 insize=16295 outsize=137906 ok=1
Cmd: compileComputeKernel
  api=14 insize=16295 outsize=97880 ok=1
Cmd: compileComputeKernel
  api=14 insize=16295 outsize=101882 ok=1
Cmd: compileComputeKernel
  api=14 insize=16295 outsize=63572 ok=1
Cmd: translateComputeKernel
  api=14 insize=28094 outsize=45473 ok=1
Cmd: translateComputeKernel
  api=14 insize=65107 outsize=132739 ok=1
Cmd: translateComputeKernel
  api=14 insize=74997 outsize=156067 ok=1
Cmd: translateComputeKernel
  api=14 insize=67572 outsize=137385 ok=1
Cmd: translateComputeKernel
  api=14 insize=54313 outsize=103759 ok=1
Cmd: translateComputeKernel
  api=14 insize=50535 outsize=95046 ok=1
Cmd: translateComputeKernel
  api=14 insize=64444 outsize=128287 ok=1
Cmd: translateComputeKernel
  api=14 insize=49411 outsize=91290 ok=1
Cmd: translateComputeKernel
  api=14 insize=122125 outsize=289254 ok=1
Cmd: translateComputeKernel
  api=14 insize=1525 outsize=1418 ok=1
Cmd: compileComputeKernel
  api=14 insize=1207 outsize=9377 ok=1
Cmd: translateComputeKernel
  api=14 insize=9372 outsize=10574 ok=1
Cmd: translateComputeKernel
  api=14 insize=19287 outsize=29539 ok=1
Cmd: compileComputeKernel
  api=14 insize=13959 outsize=10906 ok=1
Cmd: translateComputeKernel
  api=14 insize=3435 outsize=5240 ok=1
Cmd: translateComputeKernel
  api=14 insize=18460 outsize=27611 ok=1

Quitting shader compiler process
